-------------------------------------------------------------------------------
Test set: com.test.AutowiredTest
-------------------------------------------------------------------------------
Tests run: 1, Failures: 0, Errors: 1, Skipped: 0, Time elapsed: 0.096 sec <<< FAILURE!
test01(com.test.AutowiredTest)  Time elapsed: 0.009 sec  <<< ERROR!
org.springframework.beans.factory.BeanCreationException: Error creating bean with name 'dog' defined in file [/home/chenjingyi/study/study/spring-annotation/target/classes/com/bean/Dog.class]: Initialization of bean failed; nested exception is java.lang.StackOverflowError
	at org.springframework.beans.factory.support.AbstractAutowireCapableBeanFactory.doCreateBean(AbstractAutowireCapableBeanFactory.java:564)
	at org.springframework.beans.factory.support.AbstractAutowireCapableBeanFactory.createBean(AbstractAutowireCapableBeanFactory.java:483)
	at org.springframework.beans.factory.support.AbstractBeanFactory$1.getObject(AbstractBeanFactory.java:306)
	at org.springframework.beans.factory.support.DefaultSingletonBeanRegistry.getSingleton(DefaultSingletonBeanRegistry.java:230)
	at org.springframework.beans.factory.support.AbstractBeanFactory.doGetBean(AbstractBeanFactory.java:302)
	at org.springframework.beans.factory.support.AbstractBeanFactory.getBean(AbstractBeanFactory.java:197)
	at org.springframework.beans.factory.support.DefaultListableBeanFactory.preInstantiateSingletons(DefaultListableBeanFactory.java:761)
	at org.springframework.context.support.AbstractApplicationContext.finishBeanFactoryInitialization(AbstractApplicationContext.java:867)
	at org.springframework.context.support.AbstractApplicationContext.refresh(AbstractApplicationContext.java:543)
	at org.springframework.context.annotation.AnnotationConfigApplicationContext.<init>(AnnotationConfigApplicationContext.java:84)
	at com.test.AutowiredTest.<init>(AutowiredTest.java:12)
	at java.base/jdk.internal.reflect.NativeConstructorAccessorImpl.newInstance0(Native Method)
	at java.base/jdk.internal.reflect.NativeConstructorAccessorImpl.newInstance(NativeConstructorAccessorImpl.java:62)
	at java.base/jdk.internal.reflect.DelegatingConstructorAccessorImpl.newInstance(DelegatingConstructorAccessorImpl.java:45)
	at java.base/java.lang.reflect.Constructor.newInstance(Constructor.java:490)
	at org.junit.runners.BlockJUnit4ClassRunner.createTest(BlockJUnit4ClassRunner.java:217)
	at org.junit.runners.BlockJUnit4ClassRunner$1.runReflectiveCall(BlockJUnit4ClassRunner.java:266)
	at org.junit.internal.runners.model.ReflectiveCallable.run(ReflectiveCallable.java:12)
	at org.junit.runners.BlockJUnit4ClassRunner.methodBlock(BlockJUnit4ClassRunner.java:263)
	at org.junit.runners.BlockJUnit4ClassRunner.runChild(BlockJUnit4ClassRunner.java:78)
	at org.junit.runners.BlockJUnit4ClassRunner.runChild(BlockJUnit4ClassRunner.java:57)
	at org.junit.runners.ParentRunner$3.run(ParentRunner.java:290)
	at org.junit.runners.ParentRunner$1.schedule(ParentRunner.java:71)
	at org.junit.runners.ParentRunner.runChildren(ParentRunner.java:288)
	at org.junit.runners.ParentRunner.access$000(ParentRunner.java:58)
	at org.junit.runners.ParentRunner$2.evaluate(ParentRunner.java:268)
	at org.junit.runners.ParentRunner.run(ParentRunner.java:363)
	at org.apache.maven.surefire.junit4.JUnit4Provider.execute(JUnit4Provider.java:252)
	at org.apache.maven.surefire.junit4.JUnit4Provider.executeTestSet(JUnit4Provider.java:141)
	at org.apache.maven.surefire.junit4.JUnit4Provider.invoke(JUnit4Provider.java:112)
	at java.base/jdk.internal.reflect.NativeMethodAccessorImpl.invoke0(Native Method)
	at java.base/jdk.internal.reflect.NativeMethodAccessorImpl.invoke(NativeMethodAccessorImpl.java:62)
	at java.base/jdk.internal.reflect.DelegatingMethodAccessorImpl.invoke(DelegatingMethodAccessorImpl.java:43)
	at java.base/java.lang.reflect.Method.invoke(Method.java:566)
	at org.apache.maven.surefire.util.ReflectionUtils.invokeMethodWithArray(ReflectionUtils.java:189)
	at org.apache.maven.surefire.booter.ProviderFactory$ProviderProxy.invoke(ProviderFactory.java:165)
	at org.apache.maven.surefire.booter.ProviderFactory.invokeProvider(ProviderFactory.java:85)
	at org.apache.maven.surefire.booter.ForkedBooter.runSuitesInProcess(ForkedBooter.java:115)
	at org.apache.maven.surefire.booter.ForkedBooter.main(ForkedBooter.java:75)
Caused by: java.lang.StackOverflowError
	at com.bean.Dog.setApplicationContext(Dog.java:32)
	at com.bean.Dog.setApplicationContext(Dog.java:32)
	at com.bean.Dog.setApplicationContext(Dog.java:32)
	at com.bean.Dog.setApplicationContext(Dog.java:32)
	at com.bean.Dog.setApplicationContext(Dog.java:32)
	at com.bean.Dog.setApplicationContext(Dog.java:32)
	at com.bean.Dog.setApplicationContext(Dog.java:32)
	at com.bean.Dog.setApplicationContext(Dog.java:32)
	at com.bean.Dog.setApplicationContext(Dog.java:32)
	at com.bean.Dog.setApplicationContext(Dog.java:32)
	at com.bean.Dog.setApplicationContext(Dog.java:32)
	at com.bean.Dog.setApplicationContext(Dog.java:32)
	at com.bean.Dog.setApplicationContext(Dog.java:32)
	at com.bean.Dog.setApplicationContext(Dog.java:32)
	at com.bean.Dog.setApplicationContext(Dog.java:32)
	at com.bean.Dog.setApplicationContext(Dog.java:32)
	at com.bean.Dog.setApplicationContext(Dog.java:32)
	at com.bean.Dog.setApplicationContext(Dog.java:32)
	at com.bean.Dog.setApplicationContext(Dog.java:32)
	at com.bean.Dog.setApplicationContext(Dog.java:32)
	at com.bean.Dog.setApplicationContext(Dog.java:32)
	at com.bean.Dog.setApplicationContext(Dog.java:32)
	at com.bean.Dog.setApplicationContext(Dog.java:32)
	at com.bean.Dog.setApplicationContext(Dog.java:32)
	at com.bean.Dog.setApplicationContext(Dog.java:32)
	at com.bean.Dog.setApplicationContext(Dog.java:32)
	at com.bean.Dog.setApplicationContext(Dog.java:32)
	at com.bean.Dog.setApplicationContext(Dog.java:32)
	at com.bean.Dog.setApplicationContext(Dog.java:32)
	at com.bean.Dog.setApplicationContext(Dog.java:32)
	at com.bean.Dog.setApplicationContext(Dog.java:32)
	at com.bean.Dog.setApplicationContext(Dog.java:32)
	at com.bean.Dog.setApplicationContext(Dog.java:32)
	at com.bean.Dog.setApplicationContext(Dog.java:32)
	at com.bean.Dog.setApplicationContext(Dog.java:32)
	at com.bean.Dog.setApplicationContext(Dog.java:32)
	at com.bean.Dog.setApplicationContext(Dog.java:32)
	at com.bean.Dog.setApplicationContext(Dog.java:32)
	at com.bean.Dog.setApplicationContext(Dog.java:32)
	at com.bean.Dog.setApplicationContext(Dog.java:32)
	at com.bean.Dog.setApplicationContext(Dog.java:32)
	at com.bean.Dog.setApplicationContext(Dog.java:32)
	at com.bean.Dog.setApplicationContext(Dog.java:32)
	at com.bean.Dog.setApplicationContext(Dog.java:32)
	at com.bean.Dog.setApplicationContext(Dog.java:32)
	at com.bean.Dog.setApplicationContext(Dog.java:32)
	at com.bean.Dog.setApplicationContext(Dog.java:32)
	at com.bean.Dog.setApplicationContext(Dog.java:32)
	at com.bean.Dog.setApplicationContext(Dog.java:32)
	at com.bean.Dog.setApplicationContext(Dog.java:32)
	at com.bean.Dog.setApplicationContext(Dog.java:32)
	at com.bean.Dog.setApplicationContext(Dog.java:32)
	at com.bean.Dog.setApplicationContext(Dog.java:32)
	at com.bean.Dog.setApplicationContext(Dog.java:32)
	at com.bean.Dog.setApplicationContext(Dog.java:32)
	at com.bean.Dog.setApplicationContext(Dog.java:32)
	at com.bean.Dog.setApplicationContext(Dog.java:32)
	at com.bean.Dog.setApplicationContext(Dog.java:32)
	at com.bean.Dog.setApplicationContext(Dog.java:32)
	at com.bean.Dog.setApplicationContext(Dog.java:32)
	at com.bean.Dog.setApplicationContext(Dog.java:32)
	at com.bean.Dog.setApplicationContext(Dog.java:32)
	at com.bean.Dog.setApplicationContext(Dog.java:32)
	at com.bean.Dog.setApplicationContext(Dog.java:32)
	at com.bean.Dog.setApplicationContext(Dog.java:32)
	at com.bean.Dog.setApplicationContext(Dog.java:32)
	at com.bean.Dog.setApplicationContext(Dog.java:32)
	at com.bean.Dog.setApplicationContext(Dog.java:32)
	at com.bean.Dog.setApplicationContext(Dog.java:32)
	at com.bean.Dog.setApplicationContext(Dog.java:32)
	at com.bean.Dog.setApplicationContext(Dog.java:32)
	at com.bean.Dog.setApplicationContext(Dog.java:32)
	at com.bean.Dog.setApplicationContext(Dog.java:32)
	at com.bean.Dog.setApplicationContext(Dog.java:32)
	at com.bean.Dog.setApplicationContext(Dog.java:32)
	at com.bean.Dog.setApplicationContext(Dog.java:32)
	at com.bean.Dog.setApplicationContext(Dog.java:32)
	at com.bean.Dog.setApplicationContext(Dog.java:32)
	at com.bean.Dog.setApplicationContext(Dog.java:32)
	at com.bean.Dog.setApplicationContext(Dog.java:32)
	at com.bean.Dog.setApplicationContext(Dog.java:32)
	at com.bean.Dog.setApplicationContext(Dog.java:32)
	at com.bean.Dog.setApplicationContext(Dog.java:32)
	at com.bean.Dog.setApplicationContext(Dog.java:32)
	at com.bean.Dog.setApplicationContext(Dog.java:32)
	at com.bean.Dog.setApplicationContext(Dog.java:32)
	at com.bean.Dog.setApplicationContext(Dog.java:32)
	at com.bean.Dog.setApplicationContext(Dog.java:32)
	at com.bean.Dog.setApplicationContext(Dog.java:32)
	at com.bean.Dog.setApplicationContext(Dog.java:32)
	at com.bean.Dog.setApplicationContext(Dog.java:32)
	at com.bean.Dog.setApplicationContext(Dog.java:32)
	at com.bean.Dog.setApplicationContext(Dog.java:32)
	at com.bean.Dog.setApplicationContext(Dog.java:32)
	at com.bean.Dog.setApplicationContext(Dog.java:32)
	at com.bean.Dog.setApplicationContext(Dog.java:32)
	at com.bean.Dog.setApplicationContext(Dog.java:32)
	at com.bean.Dog.setApplicationContext(Dog.java:32)
	at com.bean.Dog.setApplicationContext(Dog.java:32)
	at com.bean.Dog.setApplicationContext(Dog.java:32)
	at com.bean.Dog.setApplicationContext(Dog.java:32)
	at com.bean.Dog.setApplicationContext(Dog.java:32)
	at com.bean.Dog.setApplicationContext(Dog.java:32)
	at com.bean.Dog.setApplicationContext(Dog.java:32)
	at com.bean.Dog.setApplicationContext(Dog.java:32)
	at com.bean.Dog.setApplicationContext(Dog.java:32)
	at com.bean.Dog.setApplicationContext(Dog.java:32)
	at com.bean.Dog.setApplicationContext(Dog.java:32)
	at com.bean.Dog.setApplicationContext(Dog.java:32)
	at com.bean.Dog.setApplicationContext(Dog.java:32)
	at com.bean.Dog.setApplicationContext(Dog.java:32)
	at com.bean.Dog.setApplicationContext(Dog.java:32)
	at com.bean.Dog.setApplicationContext(Dog.java:32)
	at com.bean.Dog.setApplicationContext(Dog.java:32)
	at com.bean.Dog.setApplicationContext(Dog.java:32)
	at com.bean.Dog.setApplicationContext(Dog.java:32)
	at com.bean.Dog.setApplicationContext(Dog.java:32)
	at com.bean.Dog.setApplicationContext(Dog.java:32)
	at com.bean.Dog.setApplicationContext(Dog.java:32)
	at com.bean.Dog.setApplicationContext(Dog.java:32)
	at com.bean.Dog.setApplicationContext(Dog.java:32)
	at com.bean.Dog.setApplicationContext(Dog.java:32)
	at com.bean.Dog.setApplicationContext(Dog.java:32)
	at com.bean.Dog.setApplicationContext(Dog.java:32)
	at com.bean.Dog.setApplicationContext(Dog.java:32)
	at com.bean.Dog.setApplicationContext(Dog.java:32)
	at com.bean.Dog.setApplicationContext(Dog.java:32)
	at com.bean.Dog.setApplicationContext(Dog.java:32)
	at com.bean.Dog.setApplicationContext(Dog.java:32)
	at com.bean.Dog.setApplicationContext(Dog.java:32)
	at com.bean.Dog.setApplicationContext(Dog.java:32)
	at com.bean.Dog.setApplicationContext(Dog.java:32)
	at com.bean.Dog.setApplicationContext(Dog.java:32)
	at com.bean.Dog.setApplicationContext(Dog.java:32)
	at com.bean.Dog.setApplicationContext(Dog.java:32)
	at com.bean.Dog.setApplicationContext(Dog.java:32)
	at com.bean.Dog.setApplicationContext(Dog.java:32)
	at com.bean.Dog.setApplicationContext(Dog.java:32)
	at com.bean.Dog.setApplicationContext(Dog.java:32)
	at com.bean.Dog.setApplicationContext(Dog.java:32)
	at com.bean.Dog.setApplicationContext(Dog.java:32)
	at com.bean.Dog.setApplicationContext(Dog.java:32)
	at com.bean.Dog.setApplicationContext(Dog.java:32)
	at com.bean.Dog.setApplicationContext(Dog.java:32)
	at com.bean.Dog.setApplicationContext(Dog.java:32)
	at com.bean.Dog.setApplicationContext(Dog.java:32)
	at com.bean.Dog.setApplicationContext(Dog.java:32)
	at com.bean.Dog.setApplicationContext(Dog.java:32)
	at com.bean.Dog.setApplicationContext(Dog.java:32)
	at com.bean.Dog.setApplicationContext(Dog.java:32)
	at com.bean.Dog.setApplicationContext(Dog.java:32)
	at com.bean.Dog.setApplicationContext(Dog.java:32)
	at com.bean.Dog.setApplicationContext(Dog.java:32)
	at com.bean.Dog.setApplicationContext(Dog.java:32)
	at com.bean.Dog.setApplicationContext(Dog.java:32)
	at com.bean.Dog.setApplicationContext(Dog.java:32)
	at com.bean.Dog.setApplicationContext(Dog.java:32)
	at com.bean.Dog.setApplicationContext(Dog.java:32)
	at com.bean.Dog.setApplicationContext(Dog.java:32)
	at com.bean.Dog.setApplicationContext(Dog.java:32)
	at com.bean.Dog.setApplicationContext(Dog.java:32)
	at com.bean.Dog.setApplicationContext(Dog.java:32)
	at com.bean.Dog.setApplicationContext(Dog.java:32)
	at com.bean.Dog.setApplicationContext(Dog.java:32)
	at com.bean.Dog.setApplicationContext(Dog.java:32)
	at com.bean.Dog.setApplicationContext(Dog.java:32)
	at com.bean.Dog.setApplicationContext(Dog.java:32)
	at com.bean.Dog.setApplicationContext(Dog.java:32)
	at com.bean.Dog.setApplicationContext(Dog.java:32)
	at com.bean.Dog.setApplicationContext(Dog.java:32)
	at com.bean.Dog.setApplicationContext(Dog.java:32)
	at com.bean.Dog.setApplicationContext(Dog.java:32)
	at com.bean.Dog.setApplicationContext(Dog.java:32)
	at com.bean.Dog.setApplicationContext(Dog.java:32)
	at com.bean.Dog.setApplicationContext(Dog.java:32)
	at com.bean.Dog.setApplicationContext(Dog.java:32)
	at com.bean.Dog.setApplicationContext(Dog.java:32)
	at com.bean.Dog.setApplicationContext(Dog.java:32)
	at com.bean.Dog.setApplicationContext(Dog.java:32)
	at com.bean.Dog.setApplicationContext(Dog.java:32)
	at com.bean.Dog.setApplicationContext(Dog.java:32)
	at com.bean.Dog.setApplicationContext(Dog.java:32)
	at com.bean.Dog.setApplicationContext(Dog.java:32)
	at com.bean.Dog.setApplicationContext(Dog.java:32)
	at com.bean.Dog.setApplicationContext(Dog.java:32)
	at com.bean.Dog.setApplicationContext(Dog.java:32)
	at com.bean.Dog.setApplicationContext(Dog.java:32)
	at com.bean.Dog.setApplicationContext(Dog.java:32)
	at com.bean.Dog.setApplicationContext(Dog.java:32)
	at com.bean.Dog.setApplicationContext(Dog.java:32)
	at com.bean.Dog.setApplicationContext(Dog.java:32)
	at com.bean.Dog.setApplicationContext(Dog.java:32)
	at com.bean.Dog.setApplicationContext(Dog.java:32)
	at com.bean.Dog.setApplicationContext(Dog.java:32)
	at com.bean.Dog.setApplicationContext(Dog.java:32)
	at com.bean.Dog.setApplicationContext(Dog.java:32)
	at com.bean.Dog.setApplicationContext(Dog.java:32)
	at com.bean.Dog.setApplicationContext(Dog.java:32)
	at com.bean.Dog.setApplicationContext(Dog.java:32)
	at com.bean.Dog.setApplicationContext(Dog.java:32)
	at com.bean.Dog.setApplicationContext(Dog.java:32)
	at com.bean.Dog.setApplicationContext(Dog.java:32)
	at com.bean.Dog.setApplicationContext(Dog.java:32)
	at com.bean.Dog.setApplicationContext(Dog.java:32)
	at com.bean.Dog.setApplicationContext(Dog.java:32)
	at com.bean.Dog.setApplicationContext(Dog.java:32)
	at com.bean.Dog.setApplicationContext(Dog.java:32)
	at com.bean.Dog.setApplicationContext(Dog.java:32)
	at com.bean.Dog.setApplicationContext(Dog.java:32)
	at com.bean.Dog.setApplicationContext(Dog.java:32)
	at com.bean.Dog.setApplicationContext(Dog.java:32)
	at com.bean.Dog.setApplicationContext(Dog.java:32)
	at com.bean.Dog.setApplicationContext(Dog.java:32)
	at com.bean.Dog.setApplicationContext(Dog.java:32)
	at com.bean.Dog.setApplicationContext(Dog.java:32)
	at com.bean.Dog.setApplicationContext(Dog.java:32)
	at com.bean.Dog.setApplicationContext(Dog.java:32)
	at com.bean.Dog.setApplicationContext(Dog.java:32)
	at com.bean.Dog.setApplicationContext(Dog.java:32)
	at com.bean.Dog.setApplicationContext(Dog.java:32)
	at com.bean.Dog.setApplicationContext(Dog.java:32)
	at com.bean.Dog.setApplicationContext(Dog.java:32)
	at com.bean.Dog.setApplicationContext(Dog.java:32)
	at com.bean.Dog.setApplicationContext(Dog.java:32)
	at com.bean.Dog.setApplicationContext(Dog.java:32)
	at com.bean.Dog.setApplicationContext(Dog.java:32)
	at com.bean.Dog.setApplicationContext(Dog.java:32)
	at com.bean.Dog.setApplicationContext(Dog.java:32)
	at com.bean.Dog.setApplicationContext(Dog.java:32)
	at com.bean.Dog.setApplicationContext(Dog.java:32)
	at com.bean.Dog.setApplicationContext(Dog.java:32)
	at com.bean.Dog.setApplicationContext(Dog.java:32)
	at com.bean.Dog.setApplicationContext(Dog.java:32)
	at com.bean.Dog.setApplicationContext(Dog.java:32)
	at com.bean.Dog.setApplicationContext(Dog.java:32)
	at com.bean.Dog.setApplicationContext(Dog.java:32)
	at com.bean.Dog.setApplicationContext(Dog.java:32)
	at com.bean.Dog.setApplicationContext(Dog.java:32)
	at com.bean.Dog.setApplicationContext(Dog.java:32)
	at com.bean.Dog.setApplicationContext(Dog.java:32)
	at com.bean.Dog.setApplicationContext(Dog.java:32)
	at com.bean.Dog.setApplicationContext(Dog.java:32)
	at com.bean.Dog.setApplicationContext(Dog.java:32)
	at com.bean.Dog.setApplicationContext(Dog.java:32)
	at com.bean.Dog.setApplicationContext(Dog.java:32)
	at com.bean.Dog.setApplicationContext(Dog.java:32)
	at com.bean.Dog.setApplicationContext(Dog.java:32)
	at com.bean.Dog.setApplicationContext(Dog.java:32)
	at com.bean.Dog.setApplicationContext(Dog.java:32)
	at com.bean.Dog.setApplicationContext(Dog.java:32)
	at com.bean.Dog.setApplicationContext(Dog.java:32)
	at com.bean.Dog.setApplicationContext(Dog.java:32)
	at com.bean.Dog.setApplicationContext(Dog.java:32)
	at com.bean.Dog.setApplicationContext(Dog.java:32)
	at com.bean.Dog.setApplicationContext(Dog.java:32)
	at com.bean.Dog.setApplicationContext(Dog.java:32)
	at com.bean.Dog.setApplicationContext(Dog.java:32)
	at com.bean.Dog.setApplicationContext(Dog.java:32)
	at com.bean.Dog.setApplicationContext(Dog.java:32)
	at com.bean.Dog.setApplicationContext(Dog.java:32)
	at com.bean.Dog.setApplicationContext(Dog.java:32)
	at com.bean.Dog.setApplicationContext(Dog.java:32)
	at com.bean.Dog.setApplicationContext(Dog.java:32)
	at com.bean.Dog.setApplicationContext(Dog.java:32)
	at com.bean.Dog.setApplicationContext(Dog.java:32)
	at com.bean.Dog.setApplicationContext(Dog.java:32)
	at com.bean.Dog.setApplicationContext(Dog.java:32)
	at com.bean.Dog.setApplicationContext(Dog.java:32)
	at com.bean.Dog.setApplicationContext(Dog.java:32)
	at com.bean.Dog.setApplicationContext(Dog.java:32)
	at com.bean.Dog.setApplicationContext(Dog.java:32)
	at com.bean.Dog.setApplicationContext(Dog.java:32)
	at com.bean.Dog.setApplicationContext(Dog.java:32)
	at com.bean.Dog.setApplicationContext(Dog.java:32)
	at com.bean.Dog.setApplicationContext(Dog.java:32)
	at com.bean.Dog.setApplicationContext(Dog.java:32)
	at com.bean.Dog.setApplicationContext(Dog.java:32)
	at com.bean.Dog.setApplicationContext(Dog.java:32)
	at com.bean.Dog.setApplicationContext(Dog.java:32)
	at com.bean.Dog.setApplicationContext(Dog.java:32)
	at com.bean.Dog.setApplicationContext(Dog.java:32)
	at com.bean.Dog.setApplicationContext(Dog.java:32)
	at com.bean.Dog.setApplicationContext(Dog.java:32)
	at com.bean.Dog.setApplicationContext(Dog.java:32)
	at com.bean.Dog.setApplicationContext(Dog.java:32)
	at com.bean.Dog.setApplicationContext(Dog.java:32)
	at com.bean.Dog.setApplicationContext(Dog.java:32)
	at com.bean.Dog.setApplicationContext(Dog.java:32)
	at com.bean.Dog.setApplicationContext(Dog.java:32)
	at com.bean.Dog.setApplicationContext(Dog.java:32)
	at com.bean.Dog.setApplicationContext(Dog.java:32)
	at com.bean.Dog.setApplicationContext(Dog.java:32)
	at com.bean.Dog.setApplicationContext(Dog.java:32)
	at com.bean.Dog.setApplicationContext(Dog.java:32)
	at com.bean.Dog.setApplicationContext(Dog.java:32)
	at com.bean.Dog.setApplicationContext(Dog.java:32)
	at com.bean.Dog.setApplicationContext(Dog.java:32)
	at com.bean.Dog.setApplicationContext(Dog.java:32)
	at com.bean.Dog.setApplicationContext(Dog.java:32)
	at com.bean.Dog.setApplicationContext(Dog.java:32)
	at com.bean.Dog.setApplicationContext(Dog.java:32)
	at com.bean.Dog.setApplicationContext(Dog.java:32)
	at com.bean.Dog.setApplicationContext(Dog.java:32)
	at com.bean.Dog.setApplicationContext(Dog.java:32)
	at com.bean.Dog.setApplicationContext(Dog.java:32)
	at com.bean.Dog.setApplicationContext(Dog.java:32)
	at com.bean.Dog.setApplicationContext(Dog.java:32)
	at com.bean.Dog.setApplicationContext(Dog.java:32)
	at com.bean.Dog.setApplicationContext(Dog.java:32)
	at com.bean.Dog.setApplicationContext(Dog.java:32)
	at com.bean.Dog.setApplicationContext(Dog.java:32)
	at com.bean.Dog.setApplicationContext(Dog.java:32)
	at com.bean.Dog.setApplicationContext(Dog.java:32)
	at com.bean.Dog.setApplicationContext(Dog.java:32)
	at com.bean.Dog.setApplicationContext(Dog.java:32)
	at com.bean.Dog.setApplicationContext(Dog.java:32)
	at com.bean.Dog.setApplicationContext(Dog.java:32)
	at com.bean.Dog.setApplicationContext(Dog.java:32)
	at com.bean.Dog.setApplicationContext(Dog.java:32)
	at com.bean.Dog.setApplicationContext(Dog.java:32)
	at com.bean.Dog.setApplicationContext(Dog.java:32)
	at com.bean.Dog.setApplicationContext(Dog.java:32)
	at com.bean.Dog.setApplicationContext(Dog.java:32)
	at com.bean.Dog.setApplicationContext(Dog.java:32)
	at com.bean.Dog.setApplicationContext(Dog.java:32)
	at com.bean.Dog.setApplicationContext(Dog.java:32)
	at com.bean.Dog.setApplicationContext(Dog.java:32)
	at com.bean.Dog.setApplicationContext(Dog.java:32)
	at com.bean.Dog.setApplicationContext(Dog.java:32)
	at com.bean.Dog.setApplicationContext(Dog.java:32)
	at com.bean.Dog.setApplicationContext(Dog.java:32)
	at com.bean.Dog.setApplicationContext(Dog.java:32)
	at com.bean.Dog.setApplicationContext(Dog.java:32)
	at com.bean.Dog.setApplicationContext(Dog.java:32)
	at com.bean.Dog.setApplicationContext(Dog.java:32)
	at com.bean.Dog.setApplicationContext(Dog.java:32)
	at com.bean.Dog.setApplicationContext(Dog.java:32)
	at com.bean.Dog.setApplicationContext(Dog.java:32)
	at com.bean.Dog.setApplicationContext(Dog.java:32)
	at com.bean.Dog.setApplicationContext(Dog.java:32)
	at com.bean.Dog.setApplicationContext(Dog.java:32)
	at com.bean.Dog.setApplicationContext(Dog.java:32)
	at com.bean.Dog.setApplicationContext(Dog.java:32)
	at com.bean.Dog.setApplicationContext(Dog.java:32)
	at com.bean.Dog.setApplicationContext(Dog.java:32)
	at com.bean.Dog.setApplicationContext(Dog.java:32)
	at com.bean.Dog.setApplicationContext(Dog.java:32)
	at com.bean.Dog.setApplicationContext(Dog.java:32)
	at com.bean.Dog.setApplicationContext(Dog.java:32)
	at com.bean.Dog.setApplicationContext(Dog.java:32)
	at com.bean.Dog.setApplicationContext(Dog.java:32)
	at com.bean.Dog.setApplicationContext(Dog.java:32)
	at com.bean.Dog.setApplicationContext(Dog.java:32)
	at com.bean.Dog.setApplicationContext(Dog.java:32)
	at com.bean.Dog.setApplicationContext(Dog.java:32)
	at com.bean.Dog.setApplicationContext(Dog.java:32)
	at com.bean.Dog.setApplicationContext(Dog.java:32)
	at com.bean.Dog.setApplicationContext(Dog.java:32)
	at com.bean.Dog.setApplicationContext(Dog.java:32)
	at com.bean.Dog.setApplicationContext(Dog.java:32)
	at com.bean.Dog.setApplicationContext(Dog.java:32)
	at com.bean.Dog.setApplicationContext(Dog.java:32)
	at com.bean.Dog.setApplicationContext(Dog.java:32)
	at com.bean.Dog.setApplicationContext(Dog.java:32)
	at com.bean.Dog.setApplicationContext(Dog.java:32)
	at com.bean.Dog.setApplicationContext(Dog.java:32)
	at com.bean.Dog.setApplicationContext(Dog.java:32)
	at com.bean.Dog.setApplicationContext(Dog.java:32)
	at com.bean.Dog.setApplicationContext(Dog.java:32)
	at com.bean.Dog.setApplicationContext(Dog.java:32)
	at com.bean.Dog.setApplicationContext(Dog.java:32)
	at com.bean.Dog.setApplicationContext(Dog.java:32)
	at com.bean.Dog.setApplicationContext(Dog.java:32)
	at com.bean.Dog.setApplicationContext(Dog.java:32)
	at com.bean.Dog.setApplicationContext(Dog.java:32)
	at com.bean.Dog.setApplicationContext(Dog.java:32)
	at com.bean.Dog.setApplicationContext(Dog.java:32)
	at com.bean.Dog.setApplicationContext(Dog.java:32)
	at com.bean.Dog.setApplicationContext(Dog.java:32)
	at com.bean.Dog.setApplicationContext(Dog.java:32)
	at com.bean.Dog.setApplicationContext(Dog.java:32)
	at com.bean.Dog.setApplicationContext(Dog.java:32)
	at com.bean.Dog.setApplicationContext(Dog.java:32)
	at com.bean.Dog.setApplicationContext(Dog.java:32)
	at com.bean.Dog.setApplicationContext(Dog.java:32)
	at com.bean.Dog.setApplicationContext(Dog.java:32)
	at com.bean.Dog.setApplicationContext(Dog.java:32)
	at com.bean.Dog.setApplicationContext(Dog.java:32)
	at com.bean.Dog.setApplicationContext(Dog.java:32)
	at com.bean.Dog.setApplicationContext(Dog.java:32)
	at com.bean.Dog.setApplicationContext(Dog.java:32)
	at com.bean.Dog.setApplicationContext(Dog.java:32)
	at com.bean.Dog.setApplicationContext(Dog.java:32)
	at com.bean.Dog.setApplicationContext(Dog.java:32)
	at com.bean.Dog.setApplicationContext(Dog.java:32)
	at com.bean.Dog.setApplicationContext(Dog.java:32)
	at com.bean.Dog.setApplicationContext(Dog.java:32)
	at com.bean.Dog.setApplicationContext(Dog.java:32)
	at com.bean.Dog.setApplicationContext(Dog.java:32)
	at com.bean.Dog.setApplicationContext(Dog.java:32)
	at com.bean.Dog.setApplicationContext(Dog.java:32)
	at com.bean.Dog.setApplicationContext(Dog.java:32)
	at com.bean.Dog.setApplicationContext(Dog.java:32)
	at com.bean.Dog.setApplicationContext(Dog.java:32)
	at com.bean.Dog.setApplicationContext(Dog.java:32)
	at com.bean.Dog.setApplicationContext(Dog.java:32)
	at com.bean.Dog.setApplicationContext(Dog.java:32)
	at com.bean.Dog.setApplicationContext(Dog.java:32)
	at com.bean.Dog.setApplicationContext(Dog.java:32)
	at com.bean.Dog.setApplicationContext(Dog.java:32)
	at com.bean.Dog.setApplicationContext(Dog.java:32)
	at com.bean.Dog.setApplicationContext(Dog.java:32)
	at com.bean.Dog.setApplicationContext(Dog.java:32)
	at com.bean.Dog.setApplicationContext(Dog.java:32)
	at com.bean.Dog.setApplicationContext(Dog.java:32)
	at com.bean.Dog.setApplicationContext(Dog.java:32)
	at com.bean.Dog.setApplicationContext(Dog.java:32)
	at com.bean.Dog.setApplicationContext(Dog.java:32)
	at com.bean.Dog.setApplicationContext(Dog.java:32)
	at com.bean.Dog.setApplicationContext(Dog.java:32)
	at com.bean.Dog.setApplicationContext(Dog.java:32)
	at com.bean.Dog.setApplicationContext(Dog.java:32)
	at com.bean.Dog.setApplicationContext(Dog.java:32)
	at com.bean.Dog.setApplicationContext(Dog.java:32)
	at com.bean.Dog.setApplicationContext(Dog.java:32)
	at com.bean.Dog.setApplicationContext(Dog.java:32)
	at com.bean.Dog.setApplicationContext(Dog.java:32)
	at com.bean.Dog.setApplicationContext(Dog.java:32)
	at com.bean.Dog.setApplicationContext(Dog.java:32)
	at com.bean.Dog.setApplicationContext(Dog.java:32)
	at com.bean.Dog.setApplicationContext(Dog.java:32)
	at com.bean.Dog.setApplicationContext(Dog.java:32)
	at com.bean.Dog.setApplicationContext(Dog.java:32)
	at com.bean.Dog.setApplicationContext(Dog.java:32)
	at com.bean.Dog.setApplicationContext(Dog.java:32)
	at com.bean.Dog.setApplicationContext(Dog.java:32)
	at com.bean.Dog.setApplicationContext(Dog.java:32)
	at com.bean.Dog.setApplicationContext(Dog.java:32)
	at com.bean.Dog.setApplicationContext(Dog.java:32)
	at com.bean.Dog.setApplicationContext(Dog.java:32)
	at com.bean.Dog.setApplicationContext(Dog.java:32)
	at com.bean.Dog.setApplicationContext(Dog.java:32)
	at com.bean.Dog.setApplicationContext(Dog.java:32)
	at com.bean.Dog.setApplicationContext(Dog.java:32)
	at com.bean.Dog.setApplicationContext(Dog.java:32)
	at com.bean.Dog.setApplicationContext(Dog.java:32)
	at com.bean.Dog.setApplicationContext(Dog.java:32)
	at com.bean.Dog.setApplicationContext(Dog.java:32)
	at com.bean.Dog.setApplicationContext(Dog.java:32)
	at com.bean.Dog.setApplicationContext(Dog.java:32)
	at com.bean.Dog.setApplicationContext(Dog.java:32)
	at com.bean.Dog.setApplicationContext(Dog.java:32)
	at com.bean.Dog.setApplicationContext(Dog.java:32)
	at com.bean.Dog.setApplicationContext(Dog.java:32)
	at com.bean.Dog.setApplicationContext(Dog.java:32)
	at com.bean.Dog.setApplicationContext(Dog.java:32)
	at com.bean.Dog.setApplicationContext(Dog.java:32)
	at com.bean.Dog.setApplicationContext(Dog.java:32)
	at com.bean.Dog.setApplicationContext(Dog.java:32)
	at com.bean.Dog.setApplicationContext(Dog.java:32)
	at com.bean.Dog.setApplicationContext(Dog.java:32)
	at com.bean.Dog.setApplicationContext(Dog.java:32)
	at com.bean.Dog.setApplicationContext(Dog.java:32)
	at com.bean.Dog.setApplicationContext(Dog.java:32)
	at com.bean.Dog.setApplicationContext(Dog.java:32)
	at com.bean.Dog.setApplicationContext(Dog.java:32)
	at com.bean.Dog.setApplicationContext(Dog.java:32)
	at com.bean.Dog.setApplicationContext(Dog.java:32)
	at com.bean.Dog.setApplicationContext(Dog.java:32)
	at com.bean.Dog.setApplicationContext(Dog.java:32)
	at com.bean.Dog.setApplicationContext(Dog.java:32)
	at com.bean.Dog.setApplicationContext(Dog.java:32)
	at com.bean.Dog.setApplicationContext(Dog.java:32)
	at com.bean.Dog.setApplicationContext(Dog.java:32)
	at com.bean.Dog.setApplicationContext(Dog.java:32)
	at com.bean.Dog.setApplicationContext(Dog.java:32)
	at com.bean.Dog.setApplicationContext(Dog.java:32)
	at com.bean.Dog.setApplicationContext(Dog.java:32)
	at com.bean.Dog.setApplicationContext(Dog.java:32)
	at com.bean.Dog.setApplicationContext(Dog.java:32)
	at com.bean.Dog.setApplicationContext(Dog.java:32)
	at com.bean.Dog.setApplicationContext(Dog.java:32)
	at com.bean.Dog.setApplicationContext(Dog.java:32)
	at com.bean.Dog.setApplicationContext(Dog.java:32)
	at com.bean.Dog.setApplicationContext(Dog.java:32)
	at com.bean.Dog.setApplicationContext(Dog.java:32)
	at com.bean.Dog.setApplicationContext(Dog.java:32)
	at com.bean.Dog.setApplicationContext(Dog.java:32)
	at com.bean.Dog.setApplicationContext(Dog.java:32)
	at com.bean.Dog.setApplicationContext(Dog.java:32)
	at com.bean.Dog.setApplicationContext(Dog.java:32)
	at com.bean.Dog.setApplicationContext(Dog.java:32)
	at com.bean.Dog.setApplicationContext(Dog.java:32)
	at com.bean.Dog.setApplicationContext(Dog.java:32)
	at com.bean.Dog.setApplicationContext(Dog.java:32)
	at com.bean.Dog.setApplicationContext(Dog.java:32)
	at com.bean.Dog.setApplicationContext(Dog.java:32)
	at com.bean.Dog.setApplicationContext(Dog.java:32)
	at com.bean.Dog.setApplicationContext(Dog.java:32)
	at com.bean.Dog.setApplicationContext(Dog.java:32)
	at com.bean.Dog.setApplicationContext(Dog.java:32)
	at com.bean.Dog.setApplicationContext(Dog.java:32)
	at com.bean.Dog.setApplicationContext(Dog.java:32)
	at com.bean.Dog.setApplicationContext(Dog.java:32)
	at com.bean.Dog.setApplicationContext(Dog.java:32)
	at com.bean.Dog.setApplicationContext(Dog.java:32)
	at com.bean.Dog.setApplicationContext(Dog.java:32)
	at com.bean.Dog.setApplicationContext(Dog.java:32)
	at com.bean.Dog.setApplicationContext(Dog.java:32)
	at com.bean.Dog.setApplicationContext(Dog.java:32)
	at com.bean.Dog.setApplicationContext(Dog.java:32)
	at com.bean.Dog.setApplicationContext(Dog.java:32)
	at com.bean.Dog.setApplicationContext(Dog.java:32)
	at com.bean.Dog.setApplicationContext(Dog.java:32)
	at com.bean.Dog.setApplicationContext(Dog.java:32)
	at com.bean.Dog.setApplicationContext(Dog.java:32)
	at com.bean.Dog.setApplicationContext(Dog.java:32)
	at com.bean.Dog.setApplicationContext(Dog.java:32)
	at com.bean.Dog.setApplicationContext(Dog.java:32)
	at com.bean.Dog.setApplicationContext(Dog.java:32)
	at com.bean.Dog.setApplicationContext(Dog.java:32)
	at com.bean.Dog.setApplicationContext(Dog.java:32)
	at com.bean.Dog.setApplicationContext(Dog.java:32)
	at com.bean.Dog.setApplicationContext(Dog.java:32)
	at com.bean.Dog.setApplicationContext(Dog.java:32)
	at com.bean.Dog.setApplicationContext(Dog.java:32)
	at com.bean.Dog.setApplicationContext(Dog.java:32)
	at com.bean.Dog.setApplicationContext(Dog.java:32)
	at com.bean.Dog.setApplicationContext(Dog.java:32)
	at com.bean.Dog.setApplicationContext(Dog.java:32)
	at com.bean.Dog.setApplicationContext(Dog.java:32)
	at com.bean.Dog.setApplicationContext(Dog.java:32)
	at com.bean.Dog.setApplicationContext(Dog.java:32)
	at com.bean.Dog.setApplicationContext(Dog.java:32)
	at com.bean.Dog.setApplicationContext(Dog.java:32)
	at com.bean.Dog.setApplicationContext(Dog.java:32)
	at com.bean.Dog.setApplicationContext(Dog.java:32)
	at com.bean.Dog.setApplicationContext(Dog.java:32)
	at com.bean.Dog.setApplicationContext(Dog.java:32)
	at com.bean.Dog.setApplicationContext(Dog.java:32)
	at com.bean.Dog.setApplicationContext(Dog.java:32)
	at com.bean.Dog.setApplicationContext(Dog.java:32)
	at com.bean.Dog.setApplicationContext(Dog.java:32)
	at com.bean.Dog.setApplicationContext(Dog.java:32)
	at com.bean.Dog.setApplicationContext(Dog.java:32)
	at com.bean.Dog.setApplicationContext(Dog.java:32)
	at com.bean.Dog.setApplicationContext(Dog.java:32)
	at com.bean.Dog.setApplicationContext(Dog.java:32)
	at com.bean.Dog.setApplicationContext(Dog.java:32)
	at com.bean.Dog.setApplicationContext(Dog.java:32)
	at com.bean.Dog.setApplicationContext(Dog.java:32)
	at com.bean.Dog.setApplicationContext(Dog.java:32)
	at com.bean.Dog.setApplicationContext(Dog.java:32)
	at com.bean.Dog.setApplicationContext(Dog.java:32)
	at com.bean.Dog.setApplicationContext(Dog.java:32)
	at com.bean.Dog.setApplicationContext(Dog.java:32)
	at com.bean.Dog.setApplicationContext(Dog.java:32)
	at com.bean.Dog.setApplicationContext(Dog.java:32)
	at com.bean.Dog.setApplicationContext(Dog.java:32)
	at com.bean.Dog.setApplicationContext(Dog.java:32)
	at com.bean.Dog.setApplicationContext(Dog.java:32)
	at com.bean.Dog.setApplicationContext(Dog.java:32)
	at com.bean.Dog.setApplicationContext(Dog.java:32)
	at com.bean.Dog.setApplicationContext(Dog.java:32)
	at com.bean.Dog.setApplicationContext(Dog.java:32)
	at com.bean.Dog.setApplicationContext(Dog.java:32)
	at com.bean.Dog.setApplicationContext(Dog.java:32)
	at com.bean.Dog.setApplicationContext(Dog.java:32)
	at com.bean.Dog.setApplicationContext(Dog.java:32)
	at com.bean.Dog.setApplicationContext(Dog.java:32)
	at com.bean.Dog.setApplicationContext(Dog.java:32)
	at com.bean.Dog.setApplicationContext(Dog.java:32)
	at com.bean.Dog.setApplicationContext(Dog.java:32)
	at com.bean.Dog.setApplicationContext(Dog.java:32)
	at com.bean.Dog.setApplicationContext(Dog.java:32)
	at com.bean.Dog.setApplicationContext(Dog.java:32)
	at com.bean.Dog.setApplicationContext(Dog.java:32)
	at com.bean.Dog.setApplicationContext(Dog.java:32)
	at com.bean.Dog.setApplicationContext(Dog.java:32)
	at com.bean.Dog.setApplicationContext(Dog.java:32)
	at com.bean.Dog.setApplicationContext(Dog.java:32)
	at com.bean.Dog.setApplicationContext(Dog.java:32)
	at com.bean.Dog.setApplicationContext(Dog.java:32)
	at com.bean.Dog.setApplicationContext(Dog.java:32)
	at com.bean.Dog.setApplicationContext(Dog.java:32)
	at com.bean.Dog.setApplicationContext(Dog.java:32)
	at com.bean.Dog.setApplicationContext(Dog.java:32)
	at com.bean.Dog.setApplicationContext(Dog.java:32)
	at com.bean.Dog.setApplicationContext(Dog.java:32)
	at com.bean.Dog.setApplicationContext(Dog.java:32)
	at com.bean.Dog.setApplicationContext(Dog.java:32)
	at com.bean.Dog.setApplicationContext(Dog.java:32)
	at com.bean.Dog.setApplicationContext(Dog.java:32)
	at com.bean.Dog.setApplicationContext(Dog.java:32)
	at com.bean.Dog.setApplicationContext(Dog.java:32)
	at com.bean.Dog.setApplicationContext(Dog.java:32)
	at com.bean.Dog.setApplicationContext(Dog.java:32)
	at com.bean.Dog.setApplicationContext(Dog.java:32)
	at com.bean.Dog.setApplicationContext(Dog.java:32)
	at com.bean.Dog.setApplicationContext(Dog.java:32)
	at com.bean.Dog.setApplicationContext(Dog.java:32)
	at com.bean.Dog.setApplicationContext(Dog.java:32)
	at com.bean.Dog.setApplicationContext(Dog.java:32)
	at com.bean.Dog.setApplicationContext(Dog.java:32)
	at com.bean.Dog.setApplicationContext(Dog.java:32)
	at com.bean.Dog.setApplicationContext(Dog.java:32)
	at com.bean.Dog.setApplicationContext(Dog.java:32)
	at com.bean.Dog.setApplicationContext(Dog.java:32)
	at com.bean.Dog.setApplicationContext(Dog.java:32)
	at com.bean.Dog.setApplicationContext(Dog.java:32)
	at com.bean.Dog.setApplicationContext(Dog.java:32)
	at com.bean.Dog.setApplicationContext(Dog.java:32)
	at com.bean.Dog.setApplicationContext(Dog.java:32)
	at com.bean.Dog.setApplicationContext(Dog.java:32)
	at com.bean.Dog.setApplicationContext(Dog.java:32)
	at com.bean.Dog.setApplicationContext(Dog.java:32)
	at com.bean.Dog.setApplicationContext(Dog.java:32)
	at com.bean.Dog.setApplicationContext(Dog.java:32)
	at com.bean.Dog.setApplicationContext(Dog.java:32)
	at com.bean.Dog.setApplicationContext(Dog.java:32)
	at com.bean.Dog.setApplicationContext(Dog.java:32)
	at com.bean.Dog.setApplicationContext(Dog.java:32)
	at com.bean.Dog.setApplicationContext(Dog.java:32)
	at com.bean.Dog.setApplicationContext(Dog.java:32)
	at com.bean.Dog.setApplicationContext(Dog.java:32)
	at com.bean.Dog.setApplicationContext(Dog.java:32)
	at com.bean.Dog.setApplicationContext(Dog.java:32)
	at com.bean.Dog.setApplicationContext(Dog.java:32)
	at com.bean.Dog.setApplicationContext(Dog.java:32)
	at com.bean.Dog.setApplicationContext(Dog.java:32)
	at com.bean.Dog.setApplicationContext(Dog.java:32)
	at com.bean.Dog.setApplicationContext(Dog.java:32)
	at com.bean.Dog.setApplicationContext(Dog.java:32)
	at com.bean.Dog.setApplicationContext(Dog.java:32)
	at com.bean.Dog.setApplicationContext(Dog.java:32)
	at com.bean.Dog.setApplicationContext(Dog.java:32)
	at com.bean.Dog.setApplicationContext(Dog.java:32)
	at com.bean.Dog.setApplicationContext(Dog.java:32)
	at com.bean.Dog.setApplicationContext(Dog.java:32)
	at com.bean.Dog.setApplicationContext(Dog.java:32)
	at com.bean.Dog.setApplicationContext(Dog.java:32)
	at com.bean.Dog.setApplicationContext(Dog.java:32)
	at com.bean.Dog.setApplicationContext(Dog.java:32)
	at com.bean.Dog.setApplicationContext(Dog.java:32)
	at com.bean.Dog.setApplicationContext(Dog.java:32)
	at com.bean.Dog.setApplicationContext(Dog.java:32)
	at com.bean.Dog.setApplicationContext(Dog.java:32)
	at com.bean.Dog.setApplicationContext(Dog.java:32)
	at com.bean.Dog.setApplicationContext(Dog.java:32)
	at com.bean.Dog.setApplicationContext(Dog.java:32)
	at com.bean.Dog.setApplicationContext(Dog.java:32)
	at com.bean.Dog.setApplicationContext(Dog.java:32)
	at com.bean.Dog.setApplicationContext(Dog.java:32)
	at com.bean.Dog.setApplicationContext(Dog.java:32)
	at com.bean.Dog.setApplicationContext(Dog.java:32)
	at com.bean.Dog.setApplicationContext(Dog.java:32)
	at com.bean.Dog.setApplicationContext(Dog.java:32)
	at com.bean.Dog.setApplicationContext(Dog.java:32)
	at com.bean.Dog.setApplicationContext(Dog.java:32)
	at com.bean.Dog.setApplicationContext(Dog.java:32)
	at com.bean.Dog.setApplicationContext(Dog.java:32)
	at com.bean.Dog.setApplicationContext(Dog.java:32)
	at com.bean.Dog.setApplicationContext(Dog.java:32)
	at com.bean.Dog.setApplicationContext(Dog.java:32)
	at com.bean.Dog.setApplicationContext(Dog.java:32)
	at com.bean.Dog.setApplicationContext(Dog.java:32)
	at com.bean.Dog.setApplicationContext(Dog.java:32)
	at com.bean.Dog.setApplicationContext(Dog.java:32)
	at com.bean.Dog.setApplicationContext(Dog.java:32)
	at com.bean.Dog.setApplicationContext(Dog.java:32)
	at com.bean.Dog.setApplicationContext(Dog.java:32)
	at com.bean.Dog.setApplicationContext(Dog.java:32)
	at com.bean.Dog.setApplicationContext(Dog.java:32)
	at com.bean.Dog.setApplicationContext(Dog.java:32)
	at com.bean.Dog.setApplicationContext(Dog.java:32)
	at com.bean.Dog.setApplicationContext(Dog.java:32)
	at com.bean.Dog.setApplicationContext(Dog.java:32)
	at com.bean.Dog.setApplicationContext(Dog.java:32)
	at com.bean.Dog.setApplicationContext(Dog.java:32)
	at com.bean.Dog.setApplicationContext(Dog.java:32)
	at com.bean.Dog.setApplicationContext(Dog.java:32)
	at com.bean.Dog.setApplicationContext(Dog.java:32)
	at com.bean.Dog.setApplicationContext(Dog.java:32)
	at com.bean.Dog.setApplicationContext(Dog.java:32)
	at com.bean.Dog.setApplicationContext(Dog.java:32)
	at com.bean.Dog.setApplicationContext(Dog.java:32)
	at com.bean.Dog.setApplicationContext(Dog.java:32)
	at com.bean.Dog.setApplicationContext(Dog.java:32)
	at com.bean.Dog.setApplicationContext(Dog.java:32)
	at com.bean.Dog.setApplicationContext(Dog.java:32)
	at com.bean.Dog.setApplicationContext(Dog.java:32)
	at com.bean.Dog.setApplicationContext(Dog.java:32)
	at com.bean.Dog.setApplicationContext(Dog.java:32)
	at com.bean.Dog.setApplicationContext(Dog.java:32)
	at com.bean.Dog.setApplicationContext(Dog.java:32)
	at com.bean.Dog.setApplicationContext(Dog.java:32)
	at com.bean.Dog.setApplicationContext(Dog.java:32)
	at com.bean.Dog.setApplicationContext(Dog.java:32)
	at com.bean.Dog.setApplicationContext(Dog.java:32)
	at com.bean.Dog.setApplicationContext(Dog.java:32)
	at com.bean.Dog.setApplicationContext(Dog.java:32)
	at com.bean.Dog.setApplicationContext(Dog.java:32)
	at com.bean.Dog.setApplicationContext(Dog.java:32)
	at com.bean.Dog.setApplicationContext(Dog.java:32)
	at com.bean.Dog.setApplicationContext(Dog.java:32)
	at com.bean.Dog.setApplicationContext(Dog.java:32)
	at com.bean.Dog.setApplicationContext(Dog.java:32)
	at com.bean.Dog.setApplicationContext(Dog.java:32)
	at com.bean.Dog.setApplicationContext(Dog.java:32)
	at com.bean.Dog.setApplicationContext(Dog.java:32)
	at com.bean.Dog.setApplicationContext(Dog.java:32)
	at com.bean.Dog.setApplicationContext(Dog.java:32)
	at com.bean.Dog.setApplicationContext(Dog.java:32)
	at com.bean.Dog.setApplicationContext(Dog.java:32)
	at com.bean.Dog.setApplicationContext(Dog.java:32)
	at com.bean.Dog.setApplicationContext(Dog.java:32)
	at com.bean.Dog.setApplicationContext(Dog.java:32)
	at com.bean.Dog.setApplicationContext(Dog.java:32)
	at com.bean.Dog.setApplicationContext(Dog.java:32)
	at com.bean.Dog.setApplicationContext(Dog.java:32)
	at com.bean.Dog.setApplicationContext(Dog.java:32)
	at com.bean.Dog.setApplicationContext(Dog.java:32)
	at com.bean.Dog.setApplicationContext(Dog.java:32)
	at com.bean.Dog.setApplicationContext(Dog.java:32)
	at com.bean.Dog.setApplicationContext(Dog.java:32)
	at com.bean.Dog.setApplicationContext(Dog.java:32)
	at com.bean.Dog.setApplicationContext(Dog.java:32)
	at com.bean.Dog.setApplicationContext(Dog.java:32)
	at com.bean.Dog.setApplicationContext(Dog.java:32)
	at com.bean.Dog.setApplicationContext(Dog.java:32)
	at com.bean.Dog.setApplicationContext(Dog.java:32)
	at com.bean.Dog.setApplicationContext(Dog.java:32)
	at com.bean.Dog.setApplicationContext(Dog.java:32)
	at com.bean.Dog.setApplicationContext(Dog.java:32)
	at com.bean.Dog.setApplicationContext(Dog.java:32)
	at com.bean.Dog.setApplicationContext(Dog.java:32)
	at com.bean.Dog.setApplicationContext(Dog.java:32)
	at com.bean.Dog.setApplicationContext(Dog.java:32)
	at com.bean.Dog.setApplicationContext(Dog.java:32)
	at com.bean.Dog.setApplicationContext(Dog.java:32)
	at com.bean.Dog.setApplicationContext(Dog.java:32)
	at com.bean.Dog.setApplicationContext(Dog.java:32)
	at com.bean.Dog.setApplicationContext(Dog.java:32)
	at com.bean.Dog.setApplicationContext(Dog.java:32)
	at com.bean.Dog.setApplicationContext(Dog.java:32)
	at com.bean.Dog.setApplicationContext(Dog.java:32)
	at com.bean.Dog.setApplicationContext(Dog.java:32)
	at com.bean.Dog.setApplicationContext(Dog.java:32)
	at com.bean.Dog.setApplicationContext(Dog.java:32)
	at com.bean.Dog.setApplicationContext(Dog.java:32)
	at com.bean.Dog.setApplicationContext(Dog.java:32)
	at com.bean.Dog.setApplicationContext(Dog.java:32)
	at com.bean.Dog.setApplicationContext(Dog.java:32)
	at com.bean.Dog.setApplicationContext(Dog.java:32)
	at com.bean.Dog.setApplicationContext(Dog.java:32)
	at com.bean.Dog.setApplicationContext(Dog.java:32)
	at com.bean.Dog.setApplicationContext(Dog.java:32)
	at com.bean.Dog.setApplicationContext(Dog.java:32)
	at com.bean.Dog.setApplicationContext(Dog.java:32)
	at com.bean.Dog.setApplicationContext(Dog.java:32)
	at com.bean.Dog.setApplicationContext(Dog.java:32)
	at com.bean.Dog.setApplicationContext(Dog.java:32)
	at com.bean.Dog.setApplicationContext(Dog.java:32)
	at com.bean.Dog.setApplicationContext(Dog.java:32)
	at com.bean.Dog.setApplicationContext(Dog.java:32)
	at com.bean.Dog.setApplicationContext(Dog.java:32)
	at com.bean.Dog.setApplicationContext(Dog.java:32)
	at com.bean.Dog.setApplicationContext(Dog.java:32)
	at com.bean.Dog.setApplicationContext(Dog.java:32)
	at com.bean.Dog.setApplicationContext(Dog.java:32)
	at com.bean.Dog.setApplicationContext(Dog.java:32)
	at com.bean.Dog.setApplicationContext(Dog.java:32)
	at com.bean.Dog.setApplicationContext(Dog.java:32)
	at com.bean.Dog.setApplicationContext(Dog.java:32)
	at com.bean.Dog.setApplicationContext(Dog.java:32)
	at com.bean.Dog.setApplicationContext(Dog.java:32)
	at com.bean.Dog.setApplicationContext(Dog.java:32)
	at com.bean.Dog.setApplicationContext(Dog.java:32)
	at com.bean.Dog.setApplicationContext(Dog.java:32)
	at com.bean.Dog.setApplicationContext(Dog.java:32)
	at com.bean.Dog.setApplicationContext(Dog.java:32)
	at com.bean.Dog.setApplicationContext(Dog.java:32)
	at com.bean.Dog.setApplicationContext(Dog.java:32)
	at com.bean.Dog.setApplicationContext(Dog.java:32)
	at com.bean.Dog.setApplicationContext(Dog.java:32)
	at com.bean.Dog.setApplicationContext(Dog.java:32)
	at com.bean.Dog.setApplicationContext(Dog.java:32)
	at com.bean.Dog.setApplicationContext(Dog.java:32)
	at com.bean.Dog.setApplicationContext(Dog.java:32)
	at com.bean.Dog.setApplicationContext(Dog.java:32)
	at com.bean.Dog.setApplicationContext(Dog.java:32)
	at com.bean.Dog.setApplicationContext(Dog.java:32)
	at com.bean.Dog.setApplicationContext(Dog.java:32)
	at com.bean.Dog.setApplicationContext(Dog.java:32)
	at com.bean.Dog.setApplicationContext(Dog.java:32)
	at com.bean.Dog.setApplicationContext(Dog.java:32)
	at com.bean.Dog.setApplicationContext(Dog.java:32)
	at com.bean.Dog.setApplicationContext(Dog.java:32)
	at com.bean.Dog.setApplicationContext(Dog.java:32)
	at com.bean.Dog.setApplicationContext(Dog.java:32)
	at com.bean.Dog.setApplicationContext(Dog.java:32)
	at com.bean.Dog.setApplicationContext(Dog.java:32)
	at com.bean.Dog.setApplicationContext(Dog.java:32)
	at com.bean.Dog.setApplicationContext(Dog.java:32)
	at com.bean.Dog.setApplicationContext(Dog.java:32)
	at com.bean.Dog.setApplicationContext(Dog.java:32)
	at com.bean.Dog.setApplicationContext(Dog.java:32)
	at com.bean.Dog.setApplicationContext(Dog.java:32)
	at com.bean.Dog.setApplicationContext(Dog.java:32)
	at com.bean.Dog.setApplicationContext(Dog.java:32)
	at com.bean.Dog.setApplicationContext(Dog.java:32)
	at com.bean.Dog.setApplicationContext(Dog.java:32)
	at com.bean.Dog.setApplicationContext(Dog.java:32)
	at com.bean.Dog.setApplicationContext(Dog.java:32)
	at com.bean.Dog.setApplicationContext(Dog.java:32)
	at com.bean.Dog.setApplicationContext(Dog.java:32)
	at com.bean.Dog.setApplicationContext(Dog.java:32)
	at com.bean.Dog.setApplicationContext(Dog.java:32)
	at com.bean.Dog.setApplicationContext(Dog.java:32)
	at com.bean.Dog.setApplicationContext(Dog.java:32)
	at com.bean.Dog.setApplicationContext(Dog.java:32)
	at com.bean.Dog.setApplicationContext(Dog.java:32)
	at com.bean.Dog.setApplicationContext(Dog.java:32)
	at com.bean.Dog.setApplicationContext(Dog.java:32)
	at com.bean.Dog.setApplicationContext(Dog.java:32)
	at com.bean.Dog.setApplicationContext(Dog.java:32)
	at com.bean.Dog.setApplicationContext(Dog.java:32)
	at com.bean.Dog.setApplicationContext(Dog.java:32)
	at com.bean.Dog.setApplicationContext(Dog.java:32)
	at com.bean.Dog.setApplicationContext(Dog.java:32)
	at com.bean.Dog.setApplicationContext(Dog.java:32)
	at com.bean.Dog.setApplicationContext(Dog.java:32)
	at com.bean.Dog.setApplicationContext(Dog.java:32)
	at com.bean.Dog.setApplicationContext(Dog.java:32)
	at com.bean.Dog.setApplicationContext(Dog.java:32)
	at com.bean.Dog.setApplicationContext(Dog.java:32)
	at com.bean.Dog.setApplicationContext(Dog.java:32)
	at com.bean.Dog.setApplicationContext(Dog.java:32)
	at com.bean.Dog.setApplicationContext(Dog.java:32)
	at com.bean.Dog.setApplicationContext(Dog.java:32)
	at com.bean.Dog.setApplicationContext(Dog.java:32)
	at com.bean.Dog.setApplicationContext(Dog.java:32)
	at com.bean.Dog.setApplicationContext(Dog.java:32)
	at com.bean.Dog.setApplicationContext(Dog.java:32)
	at com.bean.Dog.setApplicationContext(Dog.java:32)
	at com.bean.Dog.setApplicationContext(Dog.java:32)
	at com.bean.Dog.setApplicationContext(Dog.java:32)
	at com.bean.Dog.setApplicationContext(Dog.java:32)
	at com.bean.Dog.setApplicationContext(Dog.java:32)
	at com.bean.Dog.setApplicationContext(Dog.java:32)
	at com.bean.Dog.setApplicationContext(Dog.java:32)
	at com.bean.Dog.setApplicationContext(Dog.java:32)
	at com.bean.Dog.setApplicationContext(Dog.java:32)
	at com.bean.Dog.setApplicationContext(Dog.java:32)
	at com.bean.Dog.setApplicationContext(Dog.java:32)
	at com.bean.Dog.setApplicationContext(Dog.java:32)
	at com.bean.Dog.setApplicationContext(Dog.java:32)
	at com.bean.Dog.setApplicationContext(Dog.java:32)
	at com.bean.Dog.setApplicationContext(Dog.java:32)
	at com.bean.Dog.setApplicationContext(Dog.java:32)
	at com.bean.Dog.setApplicationContext(Dog.java:32)
	at com.bean.Dog.setApplicationContext(Dog.java:32)
	at com.bean.Dog.setApplicationContext(Dog.java:32)
	at com.bean.Dog.setApplicationContext(Dog.java:32)
	at com.bean.Dog.setApplicationContext(Dog.java:32)
	at com.bean.Dog.setApplicationContext(Dog.java:32)
	at com.bean.Dog.setApplicationContext(Dog.java:32)
	at com.bean.Dog.setApplicationContext(Dog.java:32)
	at com.bean.Dog.setApplicationContext(Dog.java:32)
	at com.bean.Dog.setApplicationContext(Dog.java:32)
	at com.bean.Dog.setApplicationContext(Dog.java:32)
	at com.bean.Dog.setApplicationContext(Dog.java:32)
	at com.bean.Dog.setApplicationContext(Dog.java:32)
	at com.bean.Dog.setApplicationContext(Dog.java:32)
	at com.bean.Dog.setApplicationContext(Dog.java:32)
	at com.bean.Dog.setApplicationContext(Dog.java:32)
	at com.bean.Dog.setApplicationContext(Dog.java:32)
	at com.bean.Dog.setApplicationContext(Dog.java:32)
	at com.bean.Dog.setApplicationContext(Dog.java:32)
	at com.bean.Dog.setApplicationContext(Dog.java:32)
	at com.bean.Dog.setApplicationContext(Dog.java:32)
	at com.bean.Dog.setApplicationContext(Dog.java:32)
	at com.bean.Dog.setApplicationContext(Dog.java:32)
	at com.bean.Dog.setApplicationContext(Dog.java:32)
	at com.bean.Dog.setApplicationContext(Dog.java:32)
	at com.bean.Dog.setApplicationContext(Dog.java:32)
	at com.bean.Dog.setApplicationContext(Dog.java:32)
	at com.bean.Dog.setApplicationContext(Dog.java:32)
	at com.bean.Dog.setApplicationContext(Dog.java:32)
	at com.bean.Dog.setApplicationContext(Dog.java:32)
	at com.bean.Dog.setApplicationContext(Dog.java:32)
	at com.bean.Dog.setApplicationContext(Dog.java:32)
	at com.bean.Dog.setApplicationContext(Dog.java:32)
	at com.bean.Dog.setApplicationContext(Dog.java:32)
	at com.bean.Dog.setApplicationContext(Dog.java:32)
	at com.bean.Dog.setApplicationContext(Dog.java:32)
	at com.bean.Dog.setApplicationContext(Dog.java:32)
	at com.bean.Dog.setApplicationContext(Dog.java:32)
	at com.bean.Dog.setApplicationContext(Dog.java:32)
	at com.bean.Dog.setApplicationContext(Dog.java:32)
	at com.bean.Dog.setApplicationContext(Dog.java:32)
	at com.bean.Dog.setApplicationContext(Dog.java:32)
	at com.bean.Dog.setApplicationContext(Dog.java:32)
	at com.bean.Dog.setApplicationContext(Dog.java:32)
	at com.bean.Dog.setApplicationContext(Dog.java:32)
	at com.bean.Dog.setApplicationContext(Dog.java:32)
	at com.bean.Dog.setApplicationContext(Dog.java:32)
	at com.bean.Dog.setApplicationContext(Dog.java:32)
	at com.bean.Dog.setApplicationContext(Dog.java:32)
	at com.bean.Dog.setApplicationContext(Dog.java:32)
	at com.bean.Dog.setApplicationContext(Dog.java:32)
	at com.bean.Dog.setApplicationContext(Dog.java:32)
	at com.bean.Dog.setApplicationContext(Dog.java:32)
	at com.bean.Dog.setApplicationContext(Dog.java:32)
	at com.bean.Dog.setApplicationContext(Dog.java:32)
	at com.bean.Dog.setApplicationContext(Dog.java:32)
	at com.bean.Dog.setApplicationContext(Dog.java:32)
	at com.bean.Dog.setApplicationContext(Dog.java:32)
	at com.bean.Dog.setApplicationContext(Dog.java:32)
	at com.bean.Dog.setApplicationContext(Dog.java:32)
	at com.bean.Dog.setApplicationContext(Dog.java:32)
	at com.bean.Dog.setApplicationContext(Dog.java:32)
	at com.bean.Dog.setApplicationContext(Dog.java:32)
	at com.bean.Dog.setApplicationContext(Dog.java:32)
	at com.bean.Dog.setApplicationContext(Dog.java:32)
	at com.bean.Dog.setApplicationContext(Dog.java:32)
	at com.bean.Dog.setApplicationContext(Dog.java:32)
	at com.bean.Dog.setApplicationContext(Dog.java:32)
	at com.bean.Dog.setApplicationContext(Dog.java:32)
	at com.bean.Dog.setApplicationContext(Dog.java:32)
	at com.bean.Dog.setApplicationContext(Dog.java:32)
	at com.bean.Dog.setApplicationContext(Dog.java:32)
	at com.bean.Dog.setApplicationContext(Dog.java:32)
	at com.bean.Dog.setApplicationContext(Dog.java:32)
	at com.bean.Dog.setApplicationContext(Dog.java:32)
	at com.bean.Dog.setApplicationContext(Dog.java:32)
	at com.bean.Dog.setApplicationContext(Dog.java:32)
	at com.bean.Dog.setApplicationContext(Dog.java:32)
	at com.bean.Dog.setApplicationContext(Dog.java:32)
	at com.bean.Dog.setApplicationContext(Dog.java:32)
	at com.bean.Dog.setApplicationContext(Dog.java:32)
	at com.bean.Dog.setApplicationContext(Dog.java:32)
	at com.bean.Dog.setApplicationContext(Dog.java:32)
	at com.bean.Dog.setApplicationContext(Dog.java:32)
	at com.bean.Dog.setApplicationContext(Dog.java:32)
	at com.bean.Dog.setApplicationContext(Dog.java:32)
	at com.bean.Dog.setApplicationContext(Dog.java:32)
	at com.bean.Dog.setApplicationContext(Dog.java:32)
	at com.bean.Dog.setApplicationContext(Dog.java:32)
	at com.bean.Dog.setApplicationContext(Dog.java:32)
	at com.bean.Dog.setApplicationContext(Dog.java:32)
	at com.bean.Dog.setApplicationContext(Dog.java:32)
	at com.bean.Dog.setApplicationContext(Dog.java:32)
	at com.bean.Dog.setApplicationContext(Dog.java:32)
	at com.bean.Dog.setApplicationContext(Dog.java:32)
	at com.bean.Dog.setApplicationContext(Dog.java:32)
	at com.bean.Dog.setApplicationContext(Dog.java:32)
	at com.bean.Dog.setApplicationContext(Dog.java:32)
	at com.bean.Dog.setApplicationContext(Dog.java:32)
	at com.bean.Dog.setApplicationContext(Dog.java:32)
	at com.bean.Dog.setApplicationContext(Dog.java:32)
	at com.bean.Dog.setApplicationContext(Dog.java:32)
	at com.bean.Dog.setApplicationContext(Dog.java:32)
	at com.bean.Dog.setApplicationContext(Dog.java:32)
	at com.bean.Dog.setApplicationContext(Dog.java:32)
	at com.bean.Dog.setApplicationContext(Dog.java:32)
	at com.bean.Dog.setApplicationContext(Dog.java:32)
	at com.bean.Dog.setApplicationContext(Dog.java:32)
	at com.bean.Dog.setApplicationContext(Dog.java:32)
	at com.bean.Dog.setApplicationContext(Dog.java:32)
	at com.bean.Dog.setApplicationContext(Dog.java:32)
	at com.bean.Dog.setApplicationContext(Dog.java:32)
	at com.bean.Dog.setApplicationContext(Dog.java:32)
	at com.bean.Dog.setApplicationContext(Dog.java:32)
	at com.bean.Dog.setApplicationContext(Dog.java:32)
	at com.bean.Dog.setApplicationContext(Dog.java:32)
	at com.bean.Dog.setApplicationContext(Dog.java:32)
	at com.bean.Dog.setApplicationContext(Dog.java:32)
	at com.bean.Dog.setApplicationContext(Dog.java:32)
	at com.bean.Dog.setApplicationContext(Dog.java:32)
	at com.bean.Dog.setApplicationContext(Dog.java:32)
	at com.bean.Dog.setApplicationContext(Dog.java:32)
	at com.bean.Dog.setApplicationContext(Dog.java:32)
	at com.bean.Dog.setApplicationContext(Dog.java:32)
	at com.bean.Dog.setApplicationContext(Dog.java:32)
	at com.bean.Dog.setApplicationContext(Dog.java:32)
	at com.bean.Dog.setApplicationContext(Dog.java:32)
	at com.bean.Dog.setApplicationContext(Dog.java:32)
	at com.bean.Dog.setApplicationContext(Dog.java:32)
	at com.bean.Dog.setApplicationContext(Dog.java:32)
	at com.bean.Dog.setApplicationContext(Dog.java:32)
	at com.bean.Dog.setApplicationContext(Dog.java:32)
	at com.bean.Dog.setApplicationContext(Dog.java:32)
	at com.bean.Dog.setApplicationContext(Dog.java:32)
	at com.bean.Dog.setApplicationContext(Dog.java:32)
	at com.bean.Dog.setApplicationContext(Dog.java:32)
	at com.bean.Dog.setApplicationContext(Dog.java:32)
	at com.bean.Dog.setApplicationContext(Dog.java:32)
	at com.bean.Dog.setApplicationContext(Dog.java:32)
	at com.bean.Dog.setApplicationContext(Dog.java:32)
	at com.bean.Dog.setApplicationContext(Dog.java:32)
	at com.bean.Dog.setApplicationContext(Dog.java:32)
	at com.bean.Dog.setApplicationContext(Dog.java:32)
	at com.bean.Dog.setApplicationContext(Dog.java:32)
	at com.bean.Dog.setApplicationContext(Dog.java:32)
	at com.bean.Dog.setApplicationContext(Dog.java:32)
	at com.bean.Dog.setApplicationContext(Dog.java:32)
	at com.bean.Dog.setApplicationContext(Dog.java:32)
	at com.bean.Dog.setApplicationContext(Dog.java:32)
	at com.bean.Dog.setApplicationContext(Dog.java:32)
	at com.bean.Dog.setApplicationContext(Dog.java:32)
	at com.bean.Dog.setApplicationContext(Dog.java:32)
	at com.bean.Dog.setApplicationContext(Dog.java:32)
	at com.bean.Dog.setApplicationContext(Dog.java:32)
	at com.bean.Dog.setApplicationContext(Dog.java:32)
	at com.bean.Dog.setApplicationContext(Dog.java:32)
	at com.bean.Dog.setApplicationContext(Dog.java:32)
	at com.bean.Dog.setApplicationContext(Dog.java:32)
	at com.bean.Dog.setApplicationContext(Dog.java:32)
	at com.bean.Dog.setApplicationContext(Dog.java:32)
	at com.bean.Dog.setApplicationContext(Dog.java:32)
	at com.bean.Dog.setApplicationContext(Dog.java:32)
	at com.bean.Dog.setApplicationContext(Dog.java:32)
	at com.bean.Dog.setApplicationContext(Dog.java:32)

